[2013-08-18 08:01:52.217] [INFO] dateFile - request url: http://api.tabelog.com/Ver2.1/RestaurantSearch/?Prefecture=japan&PageNum=1&Key=8abec40c3ef0b7b6faf4aa2db0a710837564e4ea
[2013-08-18 08:01:52.229] [INFO] dateFile - Connection Success!
[2013-08-18 08:12:51.754] [INFO] dateFile - request url: http://api.tabelog.com/Ver2.1/RestaurantSearch/?Prefecture=japan&PageNum=1&Key=8abec40c3ef0b7b6faf4aa2db0a710837564e4ea
[2013-08-18 08:12:51.765] [INFO] dateFile - Connection Success!
[2013-08-18 08:12:53.230] [INFO] dateFile - response statusCode : 200
[2013-08-18 08:14:39.287] [INFO] dateFile - request url: http://api.tabelog.com/Ver2.1/RestaurantSearch/?Prefecture=japan&PageNum=1&Key=8abec40c3ef0b7b6faf4aa2db0a710837564e4ea
[2013-08-18 08:14:39.299] [INFO] dateFile - Connection Success!
[2013-08-18 08:14:39.906] [INFO] dateFile - response statusCode : 200
[2013-08-18 08:17:20.446] [INFO] dateFile - request url: http://api.tabelog.com/Ver2.1/RestaurantSearch/?Prefecture=japan&PageNum=1&Key=8abec40c3ef0b7b6faf4aa2db0a710837564e4ea
[2013-08-18 08:17:20.458] [INFO] dateFile - Connection Success!
[2013-08-18 08:17:21.160] [INFO] dateFile - response statusCode : 200
[2013-08-18 08:17:36.211] [INFO] dateFile - request url: http://api.tabelog.com/Ver2.1/RestaurantSearch/?Prefecture=japan&PageNum=1&Key=8abec40c3ef0b7b6faf4aa2db0a710837564e4ea
[2013-08-18 08:17:36.225] [INFO] dateFile - Connection Success!
[2013-08-18 08:17:36.677] [INFO] dateFile - response statusCode : 200
[2013-08-18 08:27:43.762] [INFO] dateFile - request url: http://api.tabelog.com/Ver2.1/RestaurantSearch/?Prefecture=japan&PageNum=1&Key=8abec40c3ef0b7b6faf4aa2db0a710837564e4ea
[2013-08-18 08:27:43.774] [INFO] dateFile - Connection Success!
[2013-08-18 08:27:44.713] [INFO] dateFile - response statusCode : 200
[2013-08-18 08:28:24.688] [INFO] dateFile - request url: http://api.tabelog.com/Ver2.1/RestaurantSearch/?Prefecture=japan&PageNum=1&Key=8abec40c3ef0b7b6faf4aa2db0a710837564e4ea
[2013-08-18 08:28:24.700] [INFO] dateFile - Connection Success!
[2013-08-18 08:28:25.327] [INFO] dateFile - response statusCode : 200
[2013-08-18 08:29:26.379] [INFO] dateFile - request url: http://api.tabelog.com/Ver2.1/RestaurantSearch/?Prefecture=japan&PageNum=1&Key=8abec40c3ef0b7b6faf4aa2db0a710837564e4ea
[2013-08-18 08:29:26.391] [INFO] dateFile - Connection Success!
[2013-08-18 08:29:26.822] [INFO] dateFile - response statusCode : 200
[2013-08-18 08:30:27.575] [INFO] dateFile - request url: http://api.tabelog.com/Ver2.1/RestaurantSearch/?Prefecture=japan&PageNum=1&Key=8abec40c3ef0b7b6faf4aa2db0a710837564e4ea
[2013-08-18 08:30:27.587] [INFO] dateFile - Connection Success!
[2013-08-18 08:30:28.024] [INFO] dateFile - response statusCode : 200
[2013-08-18 08:30:56.327] [INFO] dateFile - request url: http://api.tabelog.com/Ver2.1/RestaurantSearch/?Prefecture=japan&PageNum=1&Key=8abec40c3ef0b7b6faf4aa2db0a710837564e4ea
[2013-08-18 08:30:56.341] [INFO] dateFile - Connection Success!
[2013-08-18 08:30:56.757] [INFO] dateFile - response statusCode : 200
[2013-08-18 08:31:10.115] [INFO] dateFile - request url: http://api.tabelog.com/Ver2.1/RestaurantSearch/?Prefecture=japan&PageNum=1&Key=8abec40c3ef0b7b6faf4aa2db0a710837564e4ea
[2013-08-18 08:31:10.127] [INFO] dateFile - Connection Success!
[2013-08-18 08:31:11.098] [INFO] dateFile - response statusCode : 200
[2013-08-18 08:32:00.881] [INFO] dateFile - request url: http://api.tabelog.com/Ver2.1/RestaurantSearch/?Prefecture=japan&PageNum=1&Key=8abec40c3ef0b7b6faf4aa2db0a710837564e4ea
[2013-08-18 08:32:00.893] [INFO] dateFile - Connection Success!
[2013-08-18 08:32:01.348] [INFO] dateFile - response statusCode : 200
[2013-08-18 08:34:06.055] [INFO] dateFile - request url: http://api.tabelog.com/Ver2.1/RestaurantSearch/?Prefecture=japan&PageNum=1&Key=8abec40c3ef0b7b6faf4aa2db0a710837564e4ea
[2013-08-18 08:34:06.068] [INFO] dateFile - Connection Success!
[2013-08-18 08:34:07.010] [INFO] dateFile - response statusCode : 200
[2013-08-18 08:34:36.378] [INFO] dateFile - request url: http://api.tabelog.com/Ver2.1/RestaurantSearch/?Prefecture=japan&PageNum=1&Key=8abec40c3ef0b7b6faf4aa2db0a710837564e4ea
[2013-08-18 08:34:36.390] [INFO] dateFile - Connection Success!
[2013-08-18 08:34:37.046] [INFO] dateFile - response statusCode : 200
[2013-08-18 08:35:52.069] [INFO] dateFile - request url: http://api.tabelog.com/Ver2.1/RestaurantSearch/?Prefecture=japan&PageNum=1&Key=8abec40c3ef0b7b6faf4aa2db0a710837564e4ea
[2013-08-18 08:35:52.081] [INFO] dateFile - Connection Success!
[2013-08-18 08:35:52.400] [INFO] dateFile - response statusCode : 200
[2013-08-18 08:41:53.762] [INFO] dateFile - request url: http://api.tabelog.com/Ver2.1/RestaurantSearch/?Prefecture=japan&PageNum=1&Key=8abec40c3ef0b7b6faf4aa2db0a710837564e4ea
[2013-08-18 08:41:53.774] [INFO] dateFile - Connection Success!
[2013-08-18 08:41:54.604] [INFO] dateFile - response statusCode : 200
[2013-08-18 08:42:07.932] [INFO] dateFile - request url: http://api.tabelog.com/Ver2.1/RestaurantSearch/?Prefecture=japan&PageNum=1&Key=8abec40c3ef0b7b6faf4aa2db0a710837564e4ea
[2013-08-18 08:42:07.943] [INFO] dateFile - Connection Success!
[2013-08-18 08:42:08.299] [INFO] dateFile - response statusCode : 200
[2013-08-18 08:54:50.088] [INFO] dateFile - request url: http://api.tabelog.com/Ver2.1/RestaurantSearch/?Prefecture=japan&PageNum=1&Key=8abec40c3ef0b7b6faf4aa2db0a710837564e4ea
[2013-08-18 08:54:50.099] [INFO] dateFile - Connection Success!
[2013-08-18 08:54:51.264] [INFO] dateFile - response statusCode : 200
[2013-08-18 08:59:46.247] [INFO] dateFile - request url: http://api.tabelog.com/Ver2.1/RestaurantSearch/?Prefecture=japan&PageNum=1&Key=8abec40c3ef0b7b6faf4aa2db0a710837564e4ea
[2013-08-18 08:59:46.259] [INFO] dateFile - Connection Success!
[2013-08-18 08:59:46.706] [INFO] dateFile - response statusCode : 200
[2013-08-18 09:03:13.862] [INFO] dateFile - request url: http://api.tabelog.com/Ver2.1/RestaurantSearch/?Prefecture=japan&PageNum=1&Key=8abec40c3ef0b7b6faf4aa2db0a710837564e4ea
[2013-08-18 09:03:13.874] [INFO] dateFile - Connection Success!
[2013-08-18 09:03:14.760] [INFO] dateFile - response statusCode : 200
[2013-08-18 09:12:17.424] [INFO] dateFile - request url: http://api.tabelog.com/Ver2.1/RestaurantSearch/?Prefecture=japan&PageNum=1&ResultSet=large&Key=8abec40c3ef0b7b6faf4aa2db0a710837564e4ea
[2013-08-18 09:12:17.435] [INFO] dateFile - Connection Success!
[2013-08-18 09:12:18.326] [INFO] dateFile - response statusCode : 200
[2013-08-18 09:13:35.599] [INFO] dateFile - request url: http://api.tabelog.com/Ver2.1/RestaurantSearch/?Prefecture=japan&PageNum=1&ResultSet=large&Key=8abec40c3ef0b7b6faf4aa2db0a710837564e4ea
[2013-08-18 09:13:35.611] [INFO] dateFile - Connection Success!
[2013-08-18 09:13:36.142] [INFO] dateFile - response statusCode : 200
[2013-08-18 09:14:12.179] [INFO] dateFile - request url: http://api.tabelog.com/Ver2.1/RestaurantSearch/?Prefecture=japan&PageNum=1&ResultSet=large&Key=8abec40c3ef0b7b6faf4aa2db0a710837564e4ea
[2013-08-18 09:14:12.190] [INFO] dateFile - Connection Success!
[2013-08-18 09:14:12.878] [INFO] dateFile - response statusCode : 200
[2013-08-18 09:17:27.502] [INFO] dateFile - request url: http://api.tabelog.com/Ver2.1/RestaurantSearch/?Prefecture=japan&PageNum=1&ResultSet=large&Key=8abec40c3ef0b7b6faf4aa2db0a710837564e4ea
[2013-08-18 09:17:27.513] [INFO] dateFile - Connection Success!
[2013-08-18 09:17:28.017] [INFO] dateFile - response statusCode : 200
[2013-08-18 09:17:45.712] [INFO] dateFile - request url: http://api.tabelog.com/Ver2.1/RestaurantSearch/?Prefecture=japan&PageNum=1&ResultSet=large&Key=8abec40c3ef0b7b6faf4aa2db0a710837564e4ea
[2013-08-18 09:17:45.724] [INFO] dateFile - Connection Success!
[2013-08-18 09:17:46.190] [INFO] dateFile - response statusCode : 200
[2013-08-18 09:21:17.586] [INFO] dateFile - request url: http://api.tabelog.com/Ver2.1/RestaurantSearch/?Prefecture=japan&PageNum=1&ResultSet=large&Key=8abec40c3ef0b7b6faf4aa2db0a710837564e4ea
[2013-08-18 09:21:17.597] [INFO] dateFile - Connection Success!
[2013-08-18 09:21:18.133] [INFO] dateFile - response statusCode : 200
[2013-08-18 09:21:18.186] [INFO] dateFile - Retrieve data: 0
[2013-08-18 09:21:18.186] [INFO] dateFile - { genre_id: 1,
  title: '六厘舎TOKYO',
  image: '',
  description: '',
  url: 'http://tabelog.com/tokyo/A1302/A130201/13093047/',
  station: '東京、京橋、二重橋前',
  address: '千代田区丸の内1-9-1 東京駅一番街 B1F 東京ラーメンストリート内',
  business_hour: '11:00～22:30(L.O.22:00)\r\n[朝つけめんの営業時間]\r\n　7:30～10:00(L.O.9:45)',
  holiday: '年中無休',
  latitude: 35.6801464664156,
  longitude: 139.7682347618 }
[2013-08-18 09:21:18.188] [INFO] dateFile - Retrieve data: 1
[2013-08-18 09:21:18.188] [INFO] dateFile - { genre_id: 1,
  title: 'ミート矢澤',
  image: '',
  description: '',
  url: 'http://tabelog.com/tokyo/A1316/A131603/13042320/',
  station: '五反田、大崎広小路、不動前',
  address: '品川区西五反田2-15-13 ニューハイツ西五反田　１Ｆ',
  business_hour: '[平日]\r\nランチ　11:30～15:00 (L.O.14:00)\r\nディナー17:00～24:00 (L.O.23:00)\r\n\r\n[土日祝]\r\nランチ　11:30～16:00\r\nディナー16:00～24:00 (L.O.23:00)\r\n\r\n',
  holiday: '無休',
  latitude: 35.626067807261,
  longitude: 139.72058398685 }
[2013-08-18 09:21:18.189] [INFO] dateFile - Retrieve data: 2
[2013-08-18 09:21:18.189] [INFO] dateFile - { genre_id: 1,
  title: '風雲児',
  image: '',
  description: '',
  url: 'http://tabelog.com/tokyo/A1304/A130401/13044091/',
  station: '南新宿、新宿、都庁前',
  address: '渋谷区代々木2-14-3 北斗第一ビルB1F',
  business_hour: '11:00～15:00、17:00～21:00（売り切れ次第終了）',
  holiday: '日曜・祝日',
  latitude: 35.6868444993554,
  longitude: 139.696636232995 }
[2013-08-18 09:21:18.190] [INFO] dateFile - Retrieve data: 3
[2013-08-18 09:21:18.191] [INFO] dateFile - { genre_id: 1,
  title: 'うどん 丸香',
  image: '',
  description: '',
  url: 'http://tabelog.com/tokyo/A1310/A131003/13000629/',
  station: '神保町、新御茶ノ水、御茶ノ水',
  address: '千代田区神田小川町3-16-1 ニュー駿河台ビル 1F',
  business_hour: '[月～金]\r\n11:00～19:30(L.O.)（うどん玉がなくなり次第閉店）\r\n[土]\r\n11:00～14:30(L.O.)（うどん玉がなくなり次第閉店）',
  holiday: '日曜日、祝日、年末年始',
  latitude: 35.6966751132442,
  longitude: 139.760173281408 }
[2013-08-18 09:21:18.191] [INFO] dateFile - Retrieve data: 4
[2013-08-18 09:21:18.191] [INFO] dateFile - { genre_id: 1,
  title: 'AFURI',
  image: '',
  description: '',
  url: 'http://tabelog.com/tokyo/A1303/A130302/13005500/',
  station: '恵比寿、代官山',
  address: '渋谷区恵比寿1-1-7 １１７ビル　１Ｆ',
  business_hour: '[月～日]\r\n11:00～29:00',
  holiday: '年中無休',
  latitude: 35.6483260916587,
  longitude: 139.710955983865 }
[2013-08-18 09:21:18.193] [INFO] dateFile - Retrieve data: 5
[2013-08-18 09:21:18.193] [INFO] dateFile - { genre_id: 1,
  title: 'エッグスンシングス 原宿店',
  image: '',
  description: '',
  url: 'http://tabelog.com/tokyo/A1306/A130601/13105121/',
  station: '明治神宮前、原宿、表参道',
  address: '渋谷区神宮前4-30-2',
  business_hour: '月〜金\r\n9:00～22:30（L.O 21:30）\r\n土・日・祝\r\n8:00〜22:30（L.O 21:30）',
  holiday: '不定休',
  latitude: 35.6685882862355,
  longitude: 139.706226554847 }
[2013-08-18 09:21:18.194] [INFO] dateFile - Retrieve data: 6
[2013-08-18 09:21:18.194] [INFO] dateFile - { genre_id: 1,
  title: 'イデミ・スギノ',
  image: '',
  description: '',
  url: 'http://tabelog.com/tokyo/A1302/A130202/13002285/',
  station: '京橋、宝町、銀座一丁目',
  address: '中央区京橋3-6-17 京橋大栄ビル　１Ｆ',
  business_hour: '[火～土]\r\n11:00～19:00\r\n[日・祝日]\r\n11:00～18:00',
  holiday: '月曜（火曜不定休）',
  latitude: 35.6751395309628,
  longitude: 139.769895132213 }
[2013-08-18 09:21:18.196] [INFO] dateFile - Retrieve data: 7
[2013-08-18 09:21:18.196] [INFO] dateFile - { genre_id: 1,
  title: 'あつた蓬莱軒 本店',
  image: '',
  description: '',
  url: 'http://tabelog.com/aichi/A2301/A230112/23000063/',
  station: '伝馬町、神宮前、豊田本町',
  address: '名古屋市熱田区神戸町503',
  business_hour: '[月・火・木～日・祝]\r\n11:30～14:00(L.O.)\r\n16:30～20:30(L.O.)',
  holiday: '水曜（祝日は営業）',
  latitude: 35.1201422179518,
  longitude: 136.906879291805 }
[2013-08-18 09:21:18.197] [INFO] dateFile - Retrieve data: 8
[2013-08-18 09:21:18.197] [INFO] dateFile - { genre_id: 1,
  title: 'モンシェール 堂島本店',
  image: '',
  description: '',
  url: 'http://tabelog.com/osaka/A2701/A270101/27003602/',
  station: '渡辺橋、北新地、大江橋',
  address: '大阪市北区堂島浜2-1-2',
  business_hour: '[月～金]\r\n9:00～21:00\r\n[土・日・祝日]\r\n9:00～20:00\r\n',
  holiday: '不定休',
  latitude: 34.6948319444513,
  longitude: 135.49545220385 }
[2013-08-18 09:21:18.198] [INFO] dateFile - Retrieve data: 9
[2013-08-18 09:21:18.198] [INFO] dateFile - { genre_id: 1,
  title: 'bills 七里ガ浜',
  image: '',
  description: '',
  url: 'http://tabelog.com/kanagawa/A1404/A140402/14011661/',
  station: '七里ケ浜、鎌倉高校前',
  address: '鎌倉市七里ガ浜1-1-1 ＷＥＥＫＥＮＤ　ＨＯＵＳＥ　ＡＬＬＥＹ　２Ｆ',
  business_hour: '[火～日]\r\n7:00～22:00（L.O.food 21:00 drink 21:30）\r\n[月]\r\n7:00～17:00（L.O.food 16:00 drink 16:30）\r\n\r\n予約はDinnerのみ',
  holiday: '不定休（台風などの天候状況により営業時間を変更する可能性もあり）',
  latitude: 35.3058578265658,
  longitude: 139.510190925245 }
[2013-08-18 09:21:18.198] [INFO] dateFile - Retrieve data: 10
[2013-08-18 09:21:18.199] [INFO] dateFile - { genre_id: 1,
  title: 'うさぎや',
  image: '',
  description: '',
  url: 'http://tabelog.com/tokyo/A1311/A131101/13003599/',
  station: '上野広小路、湯島、上野御徒町',
  address: '台東区上野1-10-10',
  business_hour: '9:00～18:00',
  holiday: '水曜日',
  latitude: 35.7061309327951,
  longitude: 139.771899167564 }
[2013-08-18 09:21:18.199] [INFO] dateFile - Retrieve data: 11
[2013-08-18 09:21:18.199] [INFO] dateFile - { genre_id: 1,
  title: '出町ふたば',
  image: '',
  description: '',
  url: 'http://tabelog.com/kyoto/A2603/A260302/26001520/',
  station: '出町柳、今出川',
  address: '京都市上京区出町通今出川上ル青龍町236',
  business_hour: '8:30～17:30',
  holiday: '火曜・第４水曜(祝日の場合は翌日)＊お正月休みは長めです',
  latitude: 35.0301153161977,
  longitude: 135.76964566172 }
[2013-08-18 09:21:18.201] [INFO] dateFile - Retrieve data: 12
[2013-08-18 09:21:18.202] [INFO] dateFile - { genre_id: 1,
  title: 'ピッツエリア エ トラットリア ダ イーサ',
  image: '',
  description: '',
  url: 'http://tabelog.com/tokyo/A1317/A131701/13103245/',
  station: '中目黒、代官山、池尻大橋',
  address: '目黒区青葉台1-28-9',
  business_hour: '[Lunch]\r\n11:30～14:00\r\n[Dinner]\r\n17:30～22:00(L.O)\r\n23:00 Close\r\n',
  holiday: '月曜日',
  latitude: 35.6472153808184,
  longitude: 139.695264560398 }
[2013-08-18 09:21:18.204] [INFO] dateFile - Retrieve data: 13
[2013-08-18 09:21:18.204] [INFO] dateFile - { genre_id: 1,
  title: 'アテスウェイ',
  image: '',
  description: '',
  url: 'http://tabelog.com/tokyo/A1320/A132001/13005853/',
  station: '西荻窪',
  address: '武蔵野市吉祥寺東町3-8-8 カサ吉祥寺２',
  business_hour: '11:00～19:00',
  holiday: '月曜日（祝日の場合は翌日）',
  latitude: 35.7090019464767,
  longitude: 139.590748728994 }
[2013-08-18 09:21:18.204] [INFO] dateFile - Retrieve data: 14
[2013-08-18 09:21:18.204] [INFO] dateFile - { genre_id: 1,
  title: '銀座天龍',
  image: '',
  description: '',
  url: 'http://tabelog.com/tokyo/A1301/A130101/13002427/',
  station: '銀座一丁目、銀座、京橋',
  address: '中央区銀座2-6-1 中央銀座ビル　１Ｆ',
  business_hour: '[月～土] \r\n11:30～21:30(L.O21:00)\r\n\r\n[日・祝] \r\n11:30～20:30(L.O20:00)\r\n',
  holiday: '正月・お盆',
  latitude: 35.6740134955329,
  longitude: 139.767332619096 }
[2013-08-18 09:21:18.205] [INFO] dateFile - Retrieve data: 15
[2013-08-18 09:21:18.205] [INFO] dateFile - { genre_id: 1,
  title: 'つるとんたん 六本木店',
  image: '',
  description: '',
  url: 'http://tabelog.com/tokyo/A1307/A130701/13001859/',
  station: '六本木、六本木一丁目、麻布十番',
  address: '港区六本木3-14-12 秀和六本木　１Ｆ',
  business_hour: '11:00～翌8:00(L.O.翌7:30)',
  holiday: '無休',
  latitude: 35.6625010956562,
  longitude: 139.734374219674 }
[2013-08-18 09:21:18.206] [INFO] dateFile - Retrieve data: 16
[2013-08-18 09:21:18.207] [INFO] dateFile - { genre_id: 1,
  title: 'たいめいけん',
  image: '',
  description: '',
  url: 'http://tabelog.com/tokyo/A1302/A130202/13000488/',
  station: '日本橋、茅場町、三越前',
  address: '中央区日本橋1-12-10',
  business_hour: '《1Ｆ 》\r\n平日　11:00～21:00 (L.O 20:30)\r\n日祝　11:00～20:30 (L.O 20:00)\r\n\r\n《2Ｆ 》(月～土)\r\n11:00～15:00 (L.O 14:00)\r\n17:00～21:00 (L.O 20:00)',
  holiday: '１Ｆ無休､２Ｆ日祝定休',
  latitude: 35.6825502273937,
  longitude: 139.775631259071 }
[2013-08-18 09:21:18.208] [INFO] dateFile - Retrieve data: 17
[2013-08-18 09:21:18.208] [INFO] dateFile - { genre_id: 1,
  title: '梅田はがくれ 本店',
  image: '',
  description: '',
  url: 'http://tabelog.com/osaka/A2701/A270101/27000352/',
  station: '東梅田、北新地、梅田（阪神）',
  address: '大阪市北区梅田1-1-3 大阪駅前第3ビル B2F',
  business_hour: '[月～金]\r\n11:00～14:45(L.O)\r\n17:00～19:45(L.O)\r\n[土・祝]\r\n11:00～14:30（麺が売切れ次第終了）',
  holiday: '日曜日',
  latitude: 34.6988607479055,
  longitude: 135.499328640863 }
[2013-08-18 09:21:18.208] [INFO] dateFile - Retrieve data: 18
[2013-08-18 09:21:18.208] [INFO] dateFile - { genre_id: 1,
  title: '麺屋海神',
  image: '',
  description: '',
  url: 'http://tabelog.com/tokyo/A1304/A130401/13045287/',
  station: '新宿、新宿三丁目、新宿西口',
  address: '新宿区新宿3-35-7 さんらくビル　２Ｆ',
  business_hour: '[月～土]\r\n11:00～15:00\r\n16:30～23:00\r\n[日]\r\n11:00～23:00',
  holiday: '不定休',
  latitude: 35.6897331773041,
  longitude: 139.702248689436 }
[2013-08-18 09:21:18.209] [INFO] dateFile - Retrieve data: 19
[2013-08-18 09:21:18.209] [INFO] dateFile - { genre_id: 1,
  title: '吉村家',
  image: '',
  description: '',
  url: 'http://tabelog.com/kanagawa/A1401/A140101/14000059/',
  station: '平沼橋、横浜、戸部',
  address: '横浜市西区南幸2-12-6 ストークミキ　１Ｆ',
  business_hour: '[月～土]\r\n11:00～翌0:30\r\n[日・祝]\r\n11:00～23:30',
  holiday: '無休(12月31日～翌1月6日休) ',
  latitude: 35.4634022699067,
  longitude: 139.61610015364 }
