0 info it worked if it ends with ok
1 verbose cli [ '/home/hidetomo/.nvm/v0.8.7/bin/node',
1 verbose cli   '/home/hidetomo/.nvm/v0.8.7/bin/npm',
1 verbose cli   'install',
1 verbose cli   'cake' ]
2 info using npm@1.1.49
3 info using node@v0.8.7
4 verbose read json /home/hidetomo/em/suggestion-api/package.json
5 warn package.json application-name@0.0.1 No README.md file found!
6 verbose read json /home/hidetomo/em/suggestion-api/node_modules/mocha/package.json
7 verbose read json /home/hidetomo/em/suggestion-api/node_modules/chai/package.json
8 verbose read json /home/hidetomo/em/suggestion-api/node_modules/should/package.json
9 verbose read json /home/hidetomo/em/suggestion-api/node_modules/ejs/package.json
10 verbose read json /home/hidetomo/em/suggestion-api/node_modules/coffee/package.json
11 verbose read json /home/hidetomo/em/suggestion-api/node_modules/express/package.json
12 verbose from cache /home/hidetomo/em/suggestion-api/package.json
13 verbose readDependencies using package.json deps
14 verbose cache add [ 'cake', null ]
15 silly cache add name=undefined spec="cake" args=["cake",null]
16 verbose parsed url { pathname: 'cake', path: 'cake', href: 'cake' }
17 silly lockFile 5ddc2ae1-cake cake
18 verbose lock cake /home/hidetomo/.npm/5ddc2ae1-cake.lock
19 silly lockFile 5ddc2ae1-cake cake
20 verbose addNamed [ 'cake', '' ]
21 verbose addNamed [ null, '' ]
22 silly lockFile 2174a64b-cake cake@
23 verbose lock cake@ /home/hidetomo/.npm/2174a64b-cake.lock
24 silly addNameRange { name: 'cake', range: '', hasData: false }
25 verbose url raw cake
26 verbose url resolving [ 'https://registry.npmjs.org/', './cake' ]
27 verbose url resolved https://registry.npmjs.org/cake
28 info retry registry request attempt 1 at 07:41:14
29 http GET https://registry.npmjs.org/cake
30 http 404 https://registry.npmjs.org/cake
31 silly registry.get cb [ 404,
31 silly registry.get   { server: 'CouchDB/1.3.0 (Erlang OTP/R15B03)',
31 silly registry.get     date: 'Sun, 28 Jul 2013 07:41:44 GMT',
31 silly registry.get     'content-type': 'application/json',
31 silly registry.get     'content-length': '52',
31 silly registry.get     'cache-control': 'must-revalidate' } ]
32 silly lockFile 2174a64b-cake cake@
33 error 404 'cake' is not in the npm registry.
33 error 404 You should bug the author to publish it
33 error 404
33 error 404 Note that you can also install from a
33 error 404 tarball, folder, or http url, or git url.
34 error System Linux 3.2.0-40-virtual
35 error command "/home/hidetomo/.nvm/v0.8.7/bin/node" "/home/hidetomo/.nvm/v0.8.7/bin/npm" "install" "cake"
36 error cwd /home/hidetomo/em/suggestion-api
37 error node -v v0.8.7
38 error npm -v 1.1.49
39 error code E404
40 verbose exit [ 1, true ]
